<?xml version="1.0" encoding="UTF-8"?>
<!-- Generated by org.testng.reporters.JUnitReportReporter -->
<testsuite hostname="Jasons-MacBook-Pro.local" name="kayak.NewTest" tests="1" failures="0" timestamp="3 Feb 2017 05:50:23 GMT" time="0.681" errors="0">
  <testcase name="kayak" time="0.681" classname="kayak.NewTest"/>
</testsuite> <!-- kayak.NewTest -->
